# JRE version: Java(TM) SE Runtime Environment (23.0.2+7) (build 23.0.2+7-58)
# Java VM: Java HotSpot(TM) 64-Bit Server VM (23.0.2+7-58, mixed mode, emulated-client, sharing, tiered, compressed oops, compressed class ptrs, g1 gc, windows-amd64)
GC Precious Log:
 CardTable entry size: 512
 Card Set container configuration: InlinePtr #cards 5 size 8 Array Of Cards #cards 10 size 36 Howl #buckets 4 coarsen threshold 1843 Howl Bitmap #cards 512 size 80 coarsen threshold 460 Card regions per heap region 1 cards per card region 2048
 CPUs: 8 total, 8 available
 Memory: 7930M
 Large Page Support: Disabled
 NUMA Support: Disabled
 Compressed Oops: Enabled (32-bit)
 Heap Region Size: 1M
 Heap Min Capacity: 8M
 Heap Initial Capacity: 124M
 Heap Max Capacity: 1984M
 Pre-touch: Disabled
 Parallel Workers: 8
 Concurrent Workers: 2
 Concurrent Refinement Workers: 8
 Periodic GC: Disabled
Heap:
 garbage-first heap   total reserved 2031616K, committed 66560K, used 45414K [0x0000000084000000, 0x0000000100000000)
  region size 1024K, 8 young (8192K), 3 survivors (3072K)
 Metaspace       used 89636K, committed 90496K, reserved 1179648K
  class space    used 13497K, committed 13824K, reserved 1048576K
GC Heap History (20 events):
Event: 16.778 GC heap before
{Heap before GC invocations=22 (full 0):
 garbage-first heap   total reserved 2031616K, committed 53248K, used 45968K [0x0000000084000000, 0x0000000100000000)
  region size 1024K, 17 young (17408K), 2 survivors (2048K)
 Metaspace       used 69595K, committed 70336K, reserved 1114112K
  class space    used 10227K, committed 10560K, reserved 1048576K
}
Event: 16.782 GC heap after
{Heap after GC invocations=23 (full 0):
 garbage-first heap   total reserved 2031616K, committed 53248K, used 32139K [0x0000000084000000, 0x0000000100000000)
  region size 1024K, 2 young (2048K), 2 survivors (2048K)
 Metaspace       used 69595K, committed 70336K, reserved 1114112K
  class space    used 10227K, committed 10560K, reserved 1048576K
}
Event: 17.135 GC heap before
{Heap before GC invocations=24 (full 0):
 garbage-first heap   total reserved 2031616K, committed 55296K, used 45451K [0x0000000084000000, 0x0000000100000000)
  region size 1024K, 16 young (16384K), 2 survivors (2048K)
 Metaspace       used 71978K, committed 72704K, reserved 1114112K
  class space    used 10638K, committed 10944K, reserved 1048576K
}
Event: 17.138 GC heap after
{Heap after GC invocations=25 (full 0):
 garbage-first heap   total reserved 2031616K, committed 55296K, used 32978K [0x0000000084000000, 0x0000000100000000)
  region size 1024K, 2 young (2048K), 2 survivors (2048K)
 Metaspace       used 71978K, committed 72704K, reserved 1114112K
  class space    used 10638K, committed 10944K, reserved 1048576K
}
Event: 17.493 GC heap before
{Heap before GC invocations=25 (full 0):
 garbage-first heap   total reserved 2031616K, committed 55296K, used 48338K [0x0000000084000000, 0x0000000100000000)
  region size 1024K, 17 young (17408K), 2 survivors (2048K)
 Metaspace       used 74941K, committed 75712K, reserved 1114112K
  class space    used 11101K, committed 11456K, reserved 1048576K
}
Event: 17.496 GC heap after
{Heap after GC invocations=26 (full 0):
 garbage-first heap   total reserved 2031616K, committed 55296K, used 33639K [0x0000000084000000, 0x0000000100000000)
  region size 1024K, 3 young (3072K), 3 survivors (3072K)
 Metaspace       used 74941K, committed 75712K, reserved 1114112K
  class space    used 11101K, committed 11456K, reserved 1048576K
}
Event: 17.740 GC heap before
{Heap before GC invocations=26 (full 0):
 garbage-first heap   total reserved 2031616K, committed 55296K, used 46951K [0x0000000084000000, 0x0000000100000000)
  region size 1024K, 16 young (16384K), 3 survivors (3072K)
 Metaspace       used 77667K, committed 78400K, reserved 1179648K
  class space    used 11470K, committed 11776K, reserved 1048576K
}
Event: 17.744 GC heap after
{Heap after GC invocations=27 (full 0):
 garbage-first heap   total reserved 2031616K, committed 55296K, used 34696K [0x0000000084000000, 0x0000000100000000)
  region size 1024K, 2 young (2048K), 2 survivors (2048K)
 Metaspace       used 77667K, committed 78400K, reserved 1179648K
  class space    used 11470K, committed 11776K, reserved 1048576K
}
Event: 18.331 GC heap before
{Heap before GC invocations=28 (full 0):
 garbage-first heap   total reserved 2031616K, committed 60416K, used 48008K [0x0000000084000000, 0x0000000100000000)
  region size 1024K, 15 young (15360K), 2 survivors (2048K)
 Metaspace       used 80782K, committed 81600K, reserved 1179648K
  class space    used 11924K, committed 12288K, reserved 1048576K
}
Event: 18.336 GC heap after
{Heap after GC invocations=29 (full 0):
 garbage-first heap   total reserved 2031616K, committed 60416K, used 35927K [0x0000000084000000, 0x0000000100000000)
  region size 1024K, 2 young (2048K), 2 survivors (2048K)
 Metaspace       used 80782K, committed 81600K, reserved 1179648K
  class space    used 11924K, committed 12288K, reserved 1048576K
}
Event: 19.784 GC heap before
{Heap before GC invocations=29 (full 0):
 garbage-first heap   total reserved 2031616K, committed 60416K, used 52311K [0x0000000084000000, 0x0000000100000000)
  region size 1024K, 19 young (19456K), 2 survivors (2048K)
 Metaspace       used 84146K, committed 84928K, reserved 1179648K
  class space    used 12451K, committed 12800K, reserved 1048576K
}
Event: 19.789 GC heap after
{Heap after GC invocations=30 (full 0):
 garbage-first heap   total reserved 2031616K, committed 60416K, used 37407K [0x0000000084000000, 0x0000000100000000)
  region size 1024K, 3 young (3072K), 3 survivors (3072K)
 Metaspace       used 84146K, committed 84928K, reserved 1179648K
  class space    used 12451K, committed 12800K, reserved 1048576K
}
Event: 19.967 GC heap before
{Heap before GC invocations=30 (full 0):
 garbage-first heap   total reserved 2031616K, committed 60416K, used 51743K [0x0000000084000000, 0x0000000100000000)
  region size 1024K, 18 young (18432K), 3 survivors (3072K)
 Metaspace       used 84726K, committed 85504K, reserved 1179648K
  class space    used 12606K, committed 12928K, reserved 1048576K
}
Event: 19.971 GC heap after
{Heap after GC invocations=31 (full 0):
 garbage-first heap   total reserved 2031616K, committed 60416K, used 38564K [0x0000000084000000, 0x0000000100000000)
  region size 1024K, 3 young (3072K), 3 survivors (3072K)
 Metaspace       used 84726K, committed 85504K, reserved 1179648K
  class space    used 12606K, committed 12928K, reserved 1048576K
}
Event: 20.135 GC heap before
{Heap before GC invocations=32 (full 0):
 garbage-first heap   total reserved 2031616K, committed 66560K, used 50852K [0x0000000084000000, 0x0000000100000000)
  region size 1024K, 16 young (16384K), 3 survivors (3072K)
 Metaspace       used 86038K, committed 86784K, reserved 1179648K
  class space    used 12866K, committed 13184K, reserved 1048576K
}
Event: 20.139 GC heap after
{Heap after GC invocations=33 (full 0):
 garbage-first heap   total reserved 2031616K, committed 66560K, used 39419K [0x0000000084000000, 0x0000000100000000)
  region size 1024K, 1 young (1024K), 1 survivors (1024K)
 Metaspace       used 86038K, committed 86784K, reserved 1179648K
  class space    used 12866K, committed 13184K, reserved 1048576K
}
Event: 20.421 GC heap before
{Heap before GC invocations=33 (full 0):
 garbage-first heap   total reserved 2031616K, committed 66560K, used 59899K [0x0000000084000000, 0x0000000100000000)
  region size 1024K, 22 young (22528K), 1 survivors (1024K)
 Metaspace       used 88931K, committed 89728K, reserved 1179648K
  class space    used 13406K, committed 13760K, reserved 1048576K
}
Event: 20.425 GC heap after
{Heap after GC invocations=34 (full 0):
 garbage-first heap   total reserved 2031616K, committed 66560K, used 40465K [0x0000000084000000, 0x0000000100000000)
  region size 1024K, 2 young (2048K), 2 survivors (2048K)
 Metaspace       used 88931K, committed 89728K, reserved 1179648K
  class space    used 13406K, committed 13760K, reserved 1048576K
}
Event: 20.574 GC heap before
{Heap before GC invocations=34 (full 0):
 garbage-first heap   total reserved 2031616K, committed 66560K, used 59921K [0x0000000084000000, 0x0000000100000000)
  region size 1024K, 21 young (21504K), 2 survivors (2048K)
 Metaspace       used 89489K, committed 90368K, reserved 1179648K
  class space    used 13472K, committed 13824K, reserved 1048576K
}
Event: 20.578 GC heap after
{Heap after GC invocations=35 (full 0):
 garbage-first heap   total reserved 2031616K, committed 66560K, used 41318K [0x0000000084000000, 0x0000000100000000)
  region size 1024K, 3 young (3072K), 3 survivors (3072K)
 Metaspace       used 89489K, committed 90368K, reserved 1179648K
  class space    used 13472K, committed 13824K, reserved 1048576K
}

